<?xml version="1.0" encoding="UTF-8"?>
<!-- Generated by org.testng.reporters.JUnitReportReporter -->
<testsuite hostname="LAPTOP-VF76MSPC" failures="0" tests="3" name="seleniumframework.testcases.Logintestcases" time="5.114" errors="0" timestamp="2024-01-29T00:59:11 IST" skipped="0">
  <testcase classname="seleniumframework.testcases.Logintestcases" name="validcredentialTestcasethree" time="1.329"/>
  <testcase classname="seleniumframework.testcases.Logintestcases" name="validcredentialTestcaseOne" time="0.014"/>
  <testcase classname="seleniumframework.testcases.Logintestcases" name="validcredentialTestcasetwo" time="3.771"/>
</testsuite> <!-- seleniumframework.testcases.Logintestcases -->
